创建日志:2025/2/19 17:02:47
2025/2/19 17:02:47  Info-[Select]：select * from (select d.*,d.dictionaryid id from t_dictionary d where d.diccategory = '2832' order by sequence) where 1=1 and DELETED like '0%' 
2025/2/19 17:02:47  Info-[RESULT]：1个
2025/2/19 17:02:58  Info-[Select]：select * from (select u.userroleid id,u.* from t_userrole u, (select userroleid rolegroupid,userrolename rolegroup from t_userrole where deleted = '0' and userrolegroup = '8') g where u.userrolegroup = g.rolegroupid and deleted = '0') where 1=1 and DELETED like '0%' 

2025/2/19 17:02:58  Info-[RESULT]：24个
2025/2/19 17:02:58  Info-[RESULT]：126个
2025/2/19 17:02:58  Info-[Select]：select distinct g.rolegroupid as value,g.rolegroup as label from t_userrole u,(select userroleid rolegroupid ,userrolename rolegroup from t_userrole where deleted = '0' and userrolegroup = '8') g  where u.userrolegroup = g.rolegroupid and deleted = '0' order by value 
2025/2/19 17:02:59  Info-[RESULT]：24个
2025/2/19 17:03:00  Info-[Select]：select distinct g.rolegroupid as value,g.rolegroup as label from t_userrole u,(select userroleid rolegroupid ,userrolename rolegroup from t_userrole where deleted = '0' and userrolegroup = '8') g  where u.userrolegroup = g.rolegroupid and deleted = '0' order by value 
2025/2/19 17:03:01  Info-[RESULT]：24个
2025/2/19 17:11:31  Info-[Select]：select * from (select u.userroleid id,u.* from t_userrole u, (select userroleid rolegroupid,userrolename rolegroup from t_userrole where deleted = '0' and userrolegroup = '8') g where u.userrolegroup = g.rolegroupid and deleted = '0') where 1=1 and USERROLEGROUP like '8015%'  and DELETED like '0%' 
2025/2/19 17:11:31  Info-[RESULT]：3个
2025/2/19 17:14:10  Info-[Select]：select * from (select u.userroleid id,u.* from t_userrole u, (select userroleid rolegroupid,userrolename rolegroup from t_userrole where deleted = '0' and userrolegroup = '8') g where u.userrolegroup = g.rolegroupid and deleted = '0') where 1=1 and USERROLEGROUP like '8230%'  and DELETED like '0%' 
2025/2/19 17:14:11  Info-[RESULT]：4个
2025/2/19 17:14:13  Info-[Select]：select * from (select u.userroleid id,u.* from t_userrole u, (select userroleid rolegroupid,userrolename rolegroup from t_userrole where deleted = '0' and userrolegroup = '8') g where u.userrolegroup = g.rolegroupid and deleted = '0') where 1=1 and USERROLEGROUP like '8930%'  and DELETED like '0%' 
2025/2/19 17:14:13  Info-[RESULT]：4个
2025/2/19 17:14:18  Info-[Select]：select * from (select u.userroleid id,u.* from t_userrole u, (select userroleid rolegroupid,userrolename rolegroup from t_userrole where deleted = '0' and userrolegroup = '8') g where u.userrolegroup = g.rolegroupid and deleted = '0') where 1=1 and USERROLEGROUP like '8920%'  and DELETED like '0%' 
2025/2/19 17:14:18  Info-[RESULT]：4个
2025/2/19 17:14:23  Info-[Select]：select * from (select u.userroleid id,u.* from t_userrole u, (select userroleid rolegroupid,userrolename rolegroup from t_userrole where deleted = '0' and userrolegroup = '8') g where u.userrolegroup = g.rolegroupid and deleted = '0') where 1=1 and USERROLEGROUP like '8340%'  and DELETED like '0%' 
2025/2/19 17:14:24  Info-[RESULT]：5个
2025/2/19 17:14:34  Info-[Select]：select * from (select u.userroleid id,u.* from t_userrole u, (select userroleid rolegroupid,userrolename rolegroup from t_userrole where deleted = '0' and userrolegroup = '8') g where u.userrolegroup = g.rolegroupid and deleted = '0') where 1=1 and USERROLEGROUP like '8100%'  and DELETED like '0%' 
2025/2/19 17:14:34  Info-[RESULT]：8个
2025/2/19 17:14:37  Info-[Select]：select distinct g.rolegroupid as value,g.rolegroup as label from t_userrole u,(select userroleid rolegroupid ,userrolename rolegroup from t_userrole where deleted = '0' and userrolegroup = '8') g  where u.userrolegroup = g.rolegroupid and deleted = '0' order by value 
2025/2/19 17:14:37  Info-[RESULT]：24个
2025/2/19 17:14:43  Info-[Select]：select distinct g.rolegroupid as value,g.rolegroup as label from t_userrole u,(select userroleid rolegroupid ,userrolename rolegroup from t_userrole where deleted = '0' and userrolegroup = '8') g  where u.userrolegroup = g.rolegroupid and deleted = '0' order by value 
2025/2/19 17:14:43  Info-[RESULT]：24个
2025/2/19 17:14:53  Info-[Select]：select * from (select d.*,d.dictionaryid id from t_dictionary d where d.diccategory = '1007' order by sequence) where 1=1 and DELETED like '0%' 
2025/2/19 17:14:53  Info-[RESULT]：8个
2025/2/19 17:15:03  Info-[Select]：select * from (select t.*,t.itemid id from t_gm_examitem t order by sequence) where 1=1 and DELETED like '0%' 
2025/2/19 17:15:03  Info-[RESULT]：15个
2025/2/19 17:15:03  Info-[Select]：select * from (select d.*,d.dictionaryid id from t_dictionary d where d.diccategory = '2832' order by sequence) where 1=1 and DELETED like '0%' 
2025/2/19 17:15:03  Info-[RESULT]：1个
2025/2/19 17:15:11  Info-[Select]：select * from (select d.*,d.dictionaryid id from t_dictionary d where d.diccategory = '1015') where 1=1 and DELETED like '0%' 
2025/2/19 17:15:11  Info-[RESULT]：2个
2025/2/19 17:15:11  Info-[Select]：select * from (select d.*,d.dictionaryid id from t_dictionary d where d.diccategory = '1089') where 1=1 and DELETED like '0%' 
2025/2/19 17:15:11  Info-[RESULT]：1个
2025/2/19 17:15:12  Info-[Select]：select * from (select d.*,d.dictionaryid id from t_dictionary d where d.diccategory = '2810') where 1=1 and DELETED like '0%' 
2025/2/19 17:15:12  Info-[RESULT]：2个
2025/2/19 17:15:13  Info-[Select]：select * from (select d.*,d.dictionaryid id from t_dictionary d where d.diccategory in ('1002','1003','1004','1005','1014','1017') order by sequence) where 1=1 and DELETED like '0%' 
2025/2/19 17:15:13  Info-[RESULT]：22个
2025/2/19 17:15:14  Info-[Select]：select * from (select d.*,d.dictionaryid id from t_dictionary d where d.diccategory = '1007' order by sequence) where 1=1 and DELETED like '0%' 
2025/2/19 17:15:14  Info-[RESULT]：8个
2025/2/19 17:15:15  Info-[Select]：select * from (select t.*,t.itemid id from t_gm_examitem t order by sequence) where 1=1 and DELETED like '0%' 
2025/2/19 17:15:15  Info-[RESULT]：15个
2025/2/19 17:15:15  Info-[Select]：select * from (select d.*,d.dictionaryid id from t_dictionary d where d.diccategory = '2832' order by sequence) where 1=1 and DELETED like '0%' 
2025/2/19 17:15:15  Info-[RESULT]：1个
2025/2/19 17:15:15  Info-[Select]：select * from (select d.*,d.dictionaryid id from t_dictionary d where d.diccategory = '1015') where 1=1 and DELETED like '0%' 
2025/2/19 17:15:16  Info-[RESULT]：2个
2025/2/19 17:15:17  Info-[Select]：select * from (select d.*,d.dictionaryid id from t_dictionary d where d.diccategory = '1089') where 1=1 and DELETED like '0%' 
2025/2/19 17:15:17  Info-[RESULT]：1个
2025/2/19 17:15:17  Info-[Select]：select * from (select d.*,d.dictionaryid id from t_dictionary d where d.diccategory = '2810') where 1=1 and DELETED like '0%' 
2025/2/19 17:15:17  Info-[RESULT]：2个
2025/2/19 17:15:18  Info-[Select]：select * from (select d.*,d.dictionaryid id from t_dictionary d where d.diccategory = '1015') where 1=1 and DELETED like '0%' 
2025/2/19 17:15:18  Info-[RESULT]：2个
2025/2/19 17:15:18  Info-[Select]：select * from (select t.*,t.itemid id from t_gm_examitem t order by sequence) where 1=1 and DELETED like '0%' 
2025/2/19 17:15:18  Info-[RESULT]：15个
2025/2/19 17:15:19  Info-[Select]：select * from (select d.*,d.dictionaryid id from t_dictionary d where d.diccategory = '1007' order by sequence) where 1=1 and DELETED like '0%' 
2025/2/19 17:15:19  Info-[RESULT]：8个
2025/2/19 17:15:20  Info-[Select]：select distinct r.useractorcode value,r.useractorname as label from t_useractor r where r.deleted = '0' and r.modality like 'GM%'
2025/2/19 17:15:20  Info-[Select]：select * from (select u.*,u.userid id from t_user u where u.departmentid = '102' order by u.username) where 1=1 and DELETED like '0%' 
2025/2/19 17:15:20  Info-[Select]：select distinct u.userrolecode value,u.userrolename as label,g.rolegroup category from t_userrole u, (select userroleid,userrolename rolegroup from t_userrole where deleted = '0' and userrolegroup = '8') g where u.userrolegroup = g.userroleid and deleted = '0' order by label
2025/2/19 17:15:20  Info-[RESULT]：16个
2025/2/19 17:15:20  Info-[RESULT]：2个
2025/2/19 17:15:20  Info-[RESULT]：126个
2025/2/19 17:15:24  Info-[Select]：select distinct u.userrolecode value,u.userrolename as label,g.rolegroup category from t_userrole u, (select userroleid,userrolename rolegroup from t_userrole where deleted = '0' and userrolegroup = '8') g where u.userrolegroup = g.userroleid and deleted = '0' order by label
2025/2/19 17:15:24  Info-[RESULT]：16个
2025/2/19 17:15:24  Info-[RESULT]：126个
